<?xml version="1.0" encoding="UTF-8"?>
<!-- Generated by org.testng.reporters.JUnitReportReporter -->
<testsuite hostname="G1C2ML15541" name="com.mindtree.com.mindtree.Work.NewTest" tests="3" failures="0" timestamp="5 Aug 2018 11:23:20 GMT" time="173.406" errors="0">
  <testcase name="f" time="54.541" classname="com.mindtree.com.mindtree.Work.NewTest"/>
  <testcase name="i" time="58.715" classname="com.mindtree.com.mindtree.Work.NewTest"/>
  <testcase name="h" time="60.150" classname="com.mindtree.com.mindtree.Work.NewTest"/>
</testsuite> <!-- com.mindtree.com.mindtree.Work.NewTest -->
