<?xml version="1.0" encoding="UTF-8"?>
<!-- Generated by org.testng.reporters.JUnitReportReporter -->
<testsuite hostname="G1C2ML15541" name="automation.NewTest2" tests="1" failures="0" timestamp="3 Aug 2018 03:22:15 GMT" time="20.002" errors="0">
  <testcase name="f" time="20.002" classname="automation.NewTest2"/>
</testsuite> <!-- automation.NewTest2 -->
