<?xml version="1.0" encoding="UTF-8"?>
<!-- Generated by org.testng.reporters.JUnitReportReporter -->
<testsuite hostname="G1C2ML15541" name="com.mindtree.com.mindtree.Work.Flightbooking" tests="3" failures="0" timestamp="5 Aug 2018 13:57:17 GMT" time="149.068" errors="0">
  <testcase name="i" time="49.479" classname="com.mindtree.com.mindtree.Work.Flightbooking"/>
  <testcase name="h" time="49.691" classname="com.mindtree.com.mindtree.Work.Flightbooking"/>
  <testcase name="f" time="49.898" classname="com.mindtree.com.mindtree.Work.Flightbooking"/>
</testsuite> <!-- com.mindtree.com.mindtree.Work.Flightbooking -->
