<?xml version="1.0" encoding="UTF-8"?>
<!-- Generated by org.testng.reporters.JUnitReportReporter -->
<testsuite hostname="G1C2ML15541" name="automation.NewTest" tests="1" failures="0" timestamp="2 Aug 2018 04:23:08 GMT" time="22.911" errors="0">
  <testcase name="g" time="22.911" classname="automation.NewTest"/>
</testsuite> <!-- automation.NewTest -->
